# JRE version: OpenJDK Runtime Environment (Zulu 8.72.0.17-CA-linux64) (8.0_382-b05) (build 1.8.0_382-b05)
# Java VM: OpenJDK 64-Bit Server VM (25.382-b05 mixed mode linux-amd64 )
Heap:
 PSYoungGen      total 27525120K, used 943718K [0x00007fabb5000000, 0x00007fb335000000, 0x00007fb335000000)
  eden space 23592960K, 4% used [0x00007fabb5000000,0x00007fabee999b98,0x00007fb155000000)
  from space 3932160K, 0% used [0x00007fb155000000,0x00007fb155000000,0x00007fb245000000)
  to   space 3932160K, 0% used [0x00007fb245000000,0x00007fb2454b6b48,0x00007fb335000000)
 ParOldGen       total 62914560K, used 16276K [0x00007f9cb5000000, 0x00007fabb5000000, 0x00007fabb5000000)
  object space 62914560K, 0% used [0x00007f9cb5000000,0x00007f9cb5fe5128,0x00007fabb5000000)
 Metaspace       used 34831K, capacity 35257K, committed 35416K, reserved 36864K
GC Heap History (4 events):
Event: 34.291 GC heap before
{Heap before GC invocations=1 (full 0):
 PSYoungGen      total 27525120K, used 1415577K [0x00007fabb5000000, 0x00007fb335000000, 0x00007fb335000000)
  eden space 23592960K, 6% used [0x00007fabb5000000,0x00007fac0b6666b0,0x00007fb155000000)
  from space 3932160K, 0% used [0x00007fb245000000,0x00007fb245000000,0x00007fb335000000)
  to   space 3932160K, 0% used [0x00007fb155000000,0x00007fb155000000,0x00007fb245000000)
 ParOldGen       total 62914560K, used 0K [0x00007f9cb5000000, 0x00007fabb5000000, 0x00007fabb5000000)
  object space 62914560K, 0% used [0x00007f9cb5000000,0x00007f9cb5000000,0x00007fabb5000000)
 Metaspace       used 20666K, capacity 21113K, committed 21248K, reserved 22528K
Event: 34.301 GC heap after
Heap after GC invocations=1 (full 0):
 PSYoungGen      total 27525120K, used 17178K [0x00007fabb5000000, 0x00007fb335000000, 0x00007fb335000000)
  eden space 23592960K, 0% used [0x00007fabb5000000,0x00007fabb5000000,0x00007fb155000000)
  from space 3932160K, 0% used [0x00007fb155000000,0x00007fb1560c6938,0x00007fb245000000)
  to   space 3932160K, 0% used [0x00007fb245000000,0x00007fb245000000,0x00007fb335000000)
 ParOldGen       total 62914560K, used 16K [0x00007f9cb5000000, 0x00007fabb5000000, 0x00007fabb5000000)
  object space 62914560K, 0% used [0x00007f9cb5000000,0x00007f9cb5004000,0x00007fabb5000000)
 Metaspace       used 20666K, capacity 21113K, committed 21248K, reserved 22528K
}
Event: 34.301 GC heap before
{Heap before GC invocations=2 (full 1):
 PSYoungGen      total 27525120K, used 17178K [0x00007fabb5000000, 0x00007fb335000000, 0x00007fb335000000)
  eden space 23592960K, 0% used [0x00007fabb5000000,0x00007fabb5000000,0x00007fb155000000)
  from space 3932160K, 0% used [0x00007fb155000000,0x00007fb1560c6938,0x00007fb245000000)
  to   space 3932160K, 0% used [0x00007fb245000000,0x00007fb245000000,0x00007fb335000000)
 ParOldGen       total 62914560K, used 16K [0x00007f9cb5000000, 0x00007fabb5000000, 0x00007fabb5000000)
  object space 62914560K, 0% used [0x00007f9cb5000000,0x00007f9cb5004000,0x00007fabb5000000)
 Metaspace       used 20666K, capacity 21113K, committed 21248K, reserved 22528K
Event: 34.335 GC heap after
Heap after GC invocations=2 (full 1):
 PSYoungGen      total 27525120K, used 0K [0x00007fabb5000000, 0x00007fb335000000, 0x00007fb335000000)
  eden space 23592960K, 0% used [0x00007fabb5000000,0x00007fabb5000000,0x00007fb155000000)
  from space 3932160K, 0% used [0x00007fb155000000,0x00007fb155000000,0x00007fb245000000)
  to   space 3932160K, 0% used [0x00007fb245000000,0x00007fb245000000,0x00007fb335000000)
 ParOldGen       total 62914560K, used 16276K [0x00007f9cb5000000, 0x00007fabb5000000, 0x00007fabb5000000)
  object space 62914560K, 0% used [0x00007f9cb5000000,0x00007f9cb5fe5128,0x00007fabb5000000)
 Metaspace       used 20666K, capacity 21113K, committed 21248K, reserved 22528K
}

